[D0] PQEnginePrivate::php_pqengine_startup()
[D0] PQEnginePrivate::php_pqengine_deactivate()
20:56:30  | 10.4338   | Info      : -> ->--- Session log start (session_id: 10.4338) ---<- 

20:56:30  | 10.4338   | Info      : -> Core -> Component "Log" is loaded

20:56:30  | 10.4338   | Info      : -> Core -> Component "Variant" is loaded

20:56:30  | 10.4338   | Info      : -> Core -> Component "Variable" is loaded

20:56:30  | 10.4338   | Info      : -> Core -> Component "Config" is loaded

20:56:30  | 10.4338   | Info      : -> Core -> Component "Dir" is loaded

20:56:30  | 10.4338   | Info      : -> Core -> Component "File" is loaded

20:56:30  | 10.4338   | Info      : -> Core -> Component "Font" is loaded

20:56:30  | 10.4338   | Info      : -> Core -> Font -> Loading Fonts

20:56:30  | 10.4338   | Info      : -> Core -> Font -> Loading from a directory "Y:/PHPQt5/PQStudio/Fonts/"

20:56:30  | 10.4338   | Info      : -> Core -> Font -> Add font Akrobat.ttf

20:56:30  | 10.4338   | Info      : -> Core -> Font -> Add font Akrobatblack.ttf

20:56:30  | 10.4338   | Info      : -> Core -> Font -> Add font Akrobatbold.ttf

20:56:30  | 10.4338   | Info      : -> Core -> Font -> Add font Akrobatextrabold.ttf

20:56:30  | 10.4338   | Info      : -> Core -> Font -> Add font Akrobatextralight.ttf

20:56:30  | 10.4338   | Info      : -> Core -> Font -> Add font Akrobatlight.ttf

20:56:30  | 10.4338   | Info      : -> Core -> Font -> Add font Akrobatsemibold.ttf

20:56:30  | 10.4338   | Info      : -> Core -> Font -> Add font Akrobatthin.ttf

20:56:30  | 10.4338   | Info      : -> Core -> Font -> Loading from a directory ":/Fonts/"

20:56:30  | 10.4338   | Info      : -> Core -> Component "Lib" is loaded

20:56:30  | 10.4338   | Info      : -> Core -> Component "Style" is loaded

20:56:30  | 10.4338   | Info      : -> Core -> Style -> Looking themes in the application directory

20:56:30  | 10.4338   | Info      : -> Core -> Style -> Loading design theme "PQDark"

20:56:30  | 10.4338   | Info      : -> Core -> Style -> Get a description of themes "PQDark"

20:56:30  | 10.4338   | Info      : -> Core -> Style -> Loading design theme "PQLight"

20:56:30  | 10.4338   | Info      : -> Core -> Style -> Get a description of themes "PQLight"

20:56:30  | 10.4338   | Info      : -> Core -> Style -> Looking at the default themes

20:56:30  | 10.4338   | Info      : -> Core -> Style -> The default themes has not been found

20:56:30  | 10.4338   | Info      : -> Core -> Component "Icon" is loaded

20:56:30  | 10.4338   | Info      : -> Core -> Icon -> Loading Icon Fonts

20:56:30  | 10.4338   | Info      : -> Core -> Icon -> Loading from a directory "Y:/PHPQt5/PQStudio/Fonts/Icons"

20:56:30  | 10.4338   | Info      : -> Core -> Icon -> Loading from a directory ":/Fonts/Icons"

20:56:30  | 10.4338   | Info      : -> Core -> Icon -> Loading font data "FontAwesome"

20:56:30  | 10.4338   | Info      : -> Core -> Icon -> Loading font data "PQStudio"

20:56:30  | 10.4338   | Info      : -> Core -> Component "Storage" is loaded

20:56:30  | 10.4338   | Info      : -> Core -> Component "Widgets" is loaded

20:56:30  | 10.4338   | Info      : -> Core -> Component "Single" is loaded

20:56:30  | 10.4338   | Info      : -> Core -> Component "Process" is loaded

20:56:30  | 10.4338   | Info      : -> Core -> Config -> Load ini config "user" "PHPQt5 Team" "PQStudio"

20:56:30  | 10.4338   | Info      : -> Core -> Config -> Config format "Ini" is initialized

20:56:31  | 10.4338   | Info      : -> App -> Loading component "Components\Custom\EventCtrl"

20:56:31  | 10.4338   | Info      : -> App -> Loading component "Components\Custom\Btn"

20:56:31  | 10.4338   | Info      : -> App -> Loading component "Components\Custom\IconBtn"

20:56:31  | 10.4338   | Info      : -> App -> Loading component "Components\Custom\MenuBtn"

20:56:31  | 10.4338   | Info      : -> App -> Loading component "Components\Custom\BackBtn"

20:56:31  | 10.4338   | Info      : -> App -> Loading component "Components\Custom\NextBtn"

20:56:31  | 10.4338   | Info      : -> App -> Loading component "Components\Custom\CheckBox"

20:56:31  | 10.4338   | Info      : -> App -> Loading component "Components\Custom\Events\Input"

20:56:31  | 10.4338   | Info      : -> App -> Loading component "Components\Custom\Input"

20:56:31  | 10.4338   | Info      : -> App -> Loading component "Components\Custom\InputValidate"

20:56:31  | 10.4338   | Info      : -> App -> Loading component "Components\Custom\ToolTip"

20:56:31  | 10.4338   | Info      : -> App -> Loading component "Components\Pages\Main"

20:56:31  | 10.4338   | Info      : -> App -> Loading component "Components\Pages\Create"

20:56:31  | 10.4338   | Info      : -> App -> Loading component "Components\Widgets\Welcome"

array(6) {

  ["
textChanged
"]=>

  
array(5) {

    ["
returnType
"]=>

    
string(4) "
void
"

    ["
argc
"]=>

    
int(1)

    ["
argTypes
"]=>

    
string(7) "
QString
"

    ["
type
"]=>

    
int(4)

    ["
access
"]=>

    
int(2)

  
}

  ["
textEdited
"]=>

  
array(5) {

    ["
returnType
"]=>

    
string(4) "
void
"

    ["
argc
"]=>

    
int(1)

    ["
argTypes
"]=>

    
string(7) "
QString
"

    ["
type
"]=>

    
int(4)

    ["
access
"]=>

    
int(2)

  
}

  ["
selectionChanged
"]=>

  
array(5) {

    ["
returnType
"]=>

    
string(4) "
void
"

    ["
argc
"]=>

    
int(0)

    ["
argTypes
"]=>

    
string(0) "
"

    ["
type
"]=>

    
int(4)

    ["
access
"]=>

    
int(2)

  
}

  ["
cursorPositionChanged
"]=>

  
array(5) {

    ["
returnType
"]=>

    
string(4) "
void
"

    ["
argc
"]=>

    
int(2)

    ["
argTypes
"]=>

    
string(7) "
int,int
"

    ["
type
"]=>

    
int(4)

    ["
access
"]=>

    
int(2)

  
}

  ["
editingFinished
"]=>

  
array(5) {

    ["
returnType
"]=>

    
string(4) "
void
"

    ["
argc
"]=>

    
int(0)

    ["
argTypes
"]=>

    
string(0) "
"

    ["
type
"]=>

    
int(4)

    ["
access
"]=>

    
int(2)

  
}

  ["
returnPressed
"]=>

  
array(5) {

    ["
returnType
"]=>

    
string(4) "
void
"

    ["
argc
"]=>

    
int(0)

    ["
argTypes
"]=>

    
string(0) "
"

    ["
type
"]=>

    
int(4)

    ["
access
"]=>

    
int(2)

  
}

}

array(6) {

  ["
textChanged
"]=>

  
array(5) {

    ["
returnType
"]=>

    
string(4) "
void
"

    ["
argc
"]=>

    
int(1)

    ["
argTypes
"]=>

    
string(7) "
QString
"

    ["
type
"]=>

    
int(4)

    ["
access
"]=>

    
int(2)

  
}

  ["
textEdited
"]=>

  
array(5) {

    ["
returnType
"]=>

    
string(4) "
void
"

    ["
argc
"]=>

    
int(1)

    ["
argTypes
"]=>

    
string(7) "
QString
"

    ["
type
"]=>

    
int(4)

    ["
access
"]=>

    
int(2)

  
}

  ["
selectionChanged
"]=>

  
array(5) {

    ["
returnType
"]=>

    
string(4) "
void
"

    ["
argc
"]=>

    
int(0)

    ["
argTypes
"]=>

    
string(0) "
"

    ["
type
"]=>

    
int(4)

    ["
access
"]=>

    
int(2)

  
}

  ["
cursorPositionChanged
"]=>

  
array(5) {

    ["
returnType
"]=>

    
string(4) "
void
"

    ["
argc
"]=>

    
int(2)

    ["
argTypes
"]=>

    
string(7) "
int,int
"

    ["
type
"]=>

    
int(4)

    ["
access
"]=>

    
int(2)

  
}

  ["
editingFinished
"]=>

  
array(5) {

    ["
returnType
"]=>

    
string(4) "
void
"

    ["
argc
"]=>

    
int(0)

    ["
argTypes
"]=>

    
string(0) "
"

    ["
type
"]=>

    
int(4)

    ["
access
"]=>

    
int(2)

  
}

  ["
returnPressed
"]=>

  
array(5) {

    ["
returnType
"]=>

    
string(4) "
void
"

    ["
argc
"]=>

    
int(0)

    ["
argTypes
"]=>

    
string(0) "
"

    ["
type
"]=>

    
int(4)

    ["
access
"]=>

    
int(2)

  
}

}

array(6) {

  ["
textChanged
"]=>

  
array(5) {

    ["
returnType
"]=>

    
string(4) "
void
"

    ["
argc
"]=>

    
int(1)

    ["
argTypes
"]=>

    
string(7) "
QString
"

    ["
type
"]=>

    
int(4)

    ["
access
"]=>

    
int(2)

  
}

  ["
textEdited
"]=>

  
array(5) {

    ["
returnType
"]=>

    
string(4) "
void
"

    ["
argc
"]=>

    
int(1)

    ["
argTypes
"]=>

    
string(7) "
QString
"

    ["
type
"]=>

    
int(4)

    ["
access
"]=>

    
int(2)

  
}

  ["
selectionChanged
"]=>

  
array(5) {

    ["
returnType
"]=>

    
string(4) "
void
"

    ["
argc
"]=>

    
int(0)

    ["
argTypes
"]=>

    
string(0) "
"

    ["
type
"]=>

    
int(4)

    ["
access
"]=>

    
int(2)

  
}

  ["
cursorPositionChanged
"]=>

  
array(5) {

    ["
returnType
"]=>

    
string(4) "
void
"

    ["
argc
"]=>

    
int(2)

    ["
argTypes
"]=>

    
string(7) "
int,int
"

    ["
type
"]=>

    
int(4)

    ["
access
"]=>

    
int(2)

  
}

  ["
editingFinished
"]=>

  
array(5) {

    ["
returnType
"]=>

    
string(4) "
void
"

    ["
argc
"]=>

    
int(0)

    ["
argTypes
"]=>

    
string(0) "
"

    ["
type
"]=>

    
int(4)

    ["
access
"]=>

    
int(2)

  
}

  ["
returnPressed
"]=>

  
array(5) {

    ["
returnType
"]=>

    
string(4) "
void
"

    ["
argc
"]=>

    
int(0)

    ["
argTypes
"]=>

    
string(0) "
"

    ["
type
"]=>

    
int(4)

    ["
access
"]=>

    
int(2)

  
}

}

array(6) {

  ["
textChanged
"]=>

  
array(5) {

    ["
returnType
"]=>

    
string(4) "
void
"

    ["
argc
"]=>

    
int(1)

    ["
argTypes
"]=>

    
string(7) "
QString
"

    ["
type
"]=>

    
int(4)

    ["
access
"]=>

    
int(2)

  
}

  ["
textEdited
"]=>

  
array(5) {

    ["
returnType
"]=>

    
string(4) "
void
"

    ["
argc
"]=>

    
int(1)

    ["
argTypes
"]=>

    
string(7) "
QString
"

    ["
type
"]=>

    
int(4)

    ["
access
"]=>

    
int(2)

  
}

  ["
selectionChanged
"]=>

  
array(5) {

    ["
returnType
"]=>

    
string(4) "
void
"

    ["
argc
"]=>

    
int(0)

    ["
argTypes
"]=>

    
string(0) "
"

    ["
type
"]=>

    
int(4)

    ["
access
"]=>

    
int(2)

  
}

  ["
cursorPositionChanged
"]=>

  
array(5) {

    ["
returnType
"]=>

    
string(4) "
void
"

    ["
argc
"]=>

    
int(2)

    ["
argTypes
"]=>

    
string(7) "
int,int
"

    ["
type
"]=>

    
int(4)

    ["
access
"]=>

    
int(2)

  
}

  ["
editingFinished
"]=>

  
array(5) {

    ["
returnType
"]=>

    
string(4) "
void
"

    ["
argc
"]=>

    
int(0)

    ["
argTypes
"]=>

    
string(0) "
"

    ["
type
"]=>

    
int(4)

    ["
access
"]=>

    
int(2)

  
}

  ["
returnPressed
"]=>

  
array(5) {

    ["
returnType
"]=>

    
string(4) "
void
"

    ["
argc
"]=>

    
int(0)

    ["
argTypes
"]=>

    
string(0) "
"

    ["
type
"]=>

    
int(4)

    ["
access
"]=>

    
int(2)

  
}

}

array(6) {

  ["
textChanged
"]=>

  
array(5) {

    ["
returnType
"]=>

    
string(4) "
void
"

    ["
argc
"]=>

    
int(1)

    ["
argTypes
"]=>

    
string(7) "
QString
"

    ["
type
"]=>

    
int(4)

    ["
access
"]=>

    
int(2)

  
}

  ["
textEdited
"]=>

  
array(5) {

    ["
returnType
"]=>

    
string(4) "
void
"

    ["
argc
"]=>

    
int(1)

    ["
argTypes
"]=>

    
string(7) "
QString
"

    ["
type
"]=>

    
int(4)

    ["
access
"]=>

    
int(2)

  
}

  ["
selectionChanged
"]=>

  
array(5) {

    ["
returnType
"]=>

    
string(4) "
void
"

    ["
argc
"]=>

    
int(0)

    ["
argTypes
"]=>

    
string(0) "
"

    ["
type
"]=>

    
int(4)

    ["
access
"]=>

    
int(2)

  
}

  ["
cursorPositionChanged
"]=>

  
array(5) {

    ["
returnType
"]=>

    
string(4) "
void
"

    ["
argc
"]=>

    
int(2)

    ["
argTypes
"]=>

    
string(7) "
int,int
"

    ["
type
"]=>

    
int(4)

    ["
access
"]=>

    
int(2)

  
}

  ["
editingFinished
"]=>

  
array(5) {

    ["
returnType
"]=>

    
string(4) "
void
"

    ["
argc
"]=>

    
int(0)

    ["
argTypes
"]=>

    
string(0) "
"

    ["
type
"]=>

    
int(4)

    ["
access
"]=>

    
int(2)

  
}

  ["
returnPressed
"]=>

  
array(5) {

    ["
returnType
"]=>

    
string(4) "
void
"

    ["
argc
"]=>

    
int(0)

    ["
argTypes
"]=>

    
string(0) "
"

    ["
type
"]=>

    
int(4)

    ["
access
"]=>

    
int(2)

  
}

}

array(6) {

  ["
textChanged
"]=>

  
array(5) {

    ["
returnType
"]=>

    
string(4) "
void
"

    ["
argc
"]=>

    
int(1)

    ["
argTypes
"]=>

    
string(7) "
QString
"

    ["
type
"]=>

    
int(4)

    ["
access
"]=>

    
int(2)

  
}

  ["
textEdited
"]=>

  
array(5) {

    ["
returnType
"]=>

    
string(4) "
void
"

    ["
argc
"]=>

    
int(1)

    ["
argTypes
"]=>

    
string(7) "
QString
"

    ["
type
"]=>

    
int(4)

    ["
access
"]=>

    
int(2)

  
}

  ["
selectionChanged
"]=>

  
array(5) {

    ["
returnType
"]=>

    
string(4) "
void
"

    ["
argc
"]=>

    
int(0)

    ["
argTypes
"]=>

    
string(0) "
"

    ["
type
"]=>

    
int(4)

    ["
access
"]=>

    
int(2)

  
}

  ["
cursorPositionChanged
"]=>

  
array(5) {

    ["
returnType
"]=>

    
string(4) "
void
"

    ["
argc
"]=>

    
int(2)

    ["
argTypes
"]=>

    
string(7) "
int,int
"

    ["
type
"]=>

    
int(4)

    ["
access
"]=>

    
int(2)

  
}

  ["
editingFinished
"]=>

  
array(5) {

    ["
returnType
"]=>

    
string(4) "
void
"

    ["
argc
"]=>

    
int(0)

    ["
argTypes
"]=>

    
string(0) "
"

    ["
type
"]=>

    
int(4)

    ["
access
"]=>

    
int(2)

  
}

  ["
returnPressed
"]=>

  
array(5) {

    ["
returnType
"]=>

    
string(4) "
void
"

    ["
argc
"]=>

    
int(0)

    ["
argTypes
"]=>

    
string(0) "
"

    ["
type
"]=>

    
int(4)

    ["
access
"]=>

    
int(2)

  
}

}

20:56:35  | 10.4338   | Info      : -> Core -> Detected signal to close Application

